INFO:root:Inicio: 27-06-2019 14:17:11
INFO:root:apks/mutantes/whohasmystuff/ListLentObjects-debug1.apk
INFO:root:whohasmystuff-original.png, ListLentObjects-debug1.png, True
INFO:root:apks/mutantes/whohasmystuff/ListLentObjects-debug10.apk
INFO:root:whohasmystuff-original.png, ListLentObjects-debug10.png, True
INFO:root:apks/mutantes/whohasmystuff/ListLentObjects-debug100.apk
INFO:root:whohasmystuff-original.png, ListLentObjects-debug100.png, True
INFO:root:apks/mutantes/whohasmystuff/ListLentObjects-debug101.apk
INFO:root:whohasmystuff-original.png, ListLentObjects-debug101.png, True
INFO:root:apks/mutantes/whohasmystuff/ListLentObjects-debug102.apk
ERROR:root:[==> ATENÇÃO ]: Erro ao abrir app original: de.freewarepoint.whohasmystuff/.ListLentObjects
INFO:root:apks/mutantes/whohasmystuff/ListLentObjects-debug103.apk
INFO:root:whohasmystuff-original.png, ListLentObjects-debug103.png, True
INFO:root:apks/mutantes/whohasmystuff/ListLentObjects-debug104.apk
INFO:root:whohasmystuff-original.png, ListLentObjects-debug104.png, True
INFO:root:apks/mutantes/whohasmystuff/ListLentObjects-debug105.apk
INFO:root:whohasmystuff-original.png, ListLentObjects-debug105.png, True
INFO:root:apks/mutantes/whohasmystuff/ListLentObjects-debug106.apk
INFO:root:whohasmystuff-original.png, ListLentObjects-debug106.png, True
INFO:root:apks/mutantes/whohasmystuff/ListLentObjects-debug107.apk
INFO:root:whohasmystuff-original.png, ListLentObjects-debug107.png, True
INFO:root:apks/mutantes/whohasmystuff/ListLentObjects-debug108.apk
INFO:root:whohasmystuff-original.png, ListLentObjects-debug108-ini.png, False
INFO:root:apks/mutantes/whohasmystuff/ListLentObjects-debug109.apk
INFO:root:whohasmystuff-original.png, ListLentObjects-debug109.png, True
INFO:root:apks/mutantes/whohasmystuff/ListLentObjects-debug11.apk
INFO:root:whohasmystuff-original.png, ListLentObjects-debug11.png, True
INFO:root:apks/mutantes/whohasmystuff/ListLentObjects-debug110.apk
INFO:root:whohasmystuff-original.png, ListLentObjects-debug110.png, True
INFO:root:apks/mutantes/whohasmystuff/ListLentObjects-debug111.apk
INFO:root:whohasmystuff-original.png, ListLentObjects-debug111.png, True
INFO:root:apks/mutantes/whohasmystuff/ListLentObjects-debug12.apk
INFO:root:whohasmystuff-original.png, ListLentObjects-debug12-ini.png, False
INFO:root:apks/mutantes/whohasmystuff/ListLentObjects-debug13.apk
INFO:root:whohasmystuff-original.png, ListLentObjects-debug13-ini.png, False
INFO:root:apks/mutantes/whohasmystuff/ListLentObjects-debug14.apk
INFO:root:whohasmystuff-original.png, ListLentObjects-debug14.png, True
INFO:root:apks/mutantes/whohasmystuff/ListLentObjects-debug15.apk
INFO:root:whohasmystuff-original.png, ListLentObjects-debug15.png, True
INFO:root:apks/mutantes/whohasmystuff/ListLentObjects-debug16.apk
INFO:root:whohasmystuff-original.png, ListLentObjects-debug16.png, True
INFO:root:apks/mutantes/whohasmystuff/ListLentObjects-debug17.apk
INFO:root:whohasmystuff-original.png, ListLentObjects-debug17.png, True
INFO:root:apks/mutantes/whohasmystuff/ListLentObjects-debug18.apk
INFO:root:whohasmystuff-original.png, ListLentObjects-debug18.png, True
INFO:root:apks/mutantes/whohasmystuff/ListLentObjects-debug19.apk
INFO:root:whohasmystuff-original.png, ListLentObjects-debug19.png, True
INFO:root:apks/mutantes/whohasmystuff/ListLentObjects-debug2.apk
INFO:root:whohasmystuff-original.png, ListLentObjects-debug2.png, True
INFO:root:apks/mutantes/whohasmystuff/ListLentObjects-debug20.apk
INFO:root:whohasmystuff-original.png, ListLentObjects-debug20.png, True
INFO:root:apks/mutantes/whohasmystuff/ListLentObjects-debug21.apk
INFO:root:whohasmystuff-original.png, ListLentObjects-debug21.png, True
INFO:root:apks/mutantes/whohasmystuff/ListLentObjects-debug22.apk
INFO:root:whohasmystuff-original.png, ListLentObjects-debug22.png, True
INFO:root:apks/mutantes/whohasmystuff/ListLentObjects-debug23.apk
INFO:root:whohasmystuff-original.png, ListLentObjects-debug23.png, True
INFO:root:apks/mutantes/whohasmystuff/ListLentObjects-debug24.apk
INFO:root:whohasmystuff-original.png, ListLentObjects-debug24.png, True
INFO:root:apks/mutantes/whohasmystuff/ListLentObjects-debug25.apk
INFO:root:whohasmystuff-original.png, ListLentObjects-debug25-ini.png, False
INFO:root:apks/mutantes/whohasmystuff/ListLentObjects-debug26.apk
INFO:root:whohasmystuff-original.png, ListLentObjects-debug26-ini.png, False
INFO:root:apks/mutantes/whohasmystuff/ListLentObjects-debug27.apk
INFO:root:whohasmystuff-original.png, ListLentObjects-debug27.png, True
INFO:root:apks/mutantes/whohasmystuff/ListLentObjects-debug28.apk
INFO:root:whohasmystuff-original.png, ListLentObjects-debug28.png, True
INFO:root:apks/mutantes/whohasmystuff/ListLentObjects-debug29.apk
INFO:root:whohasmystuff-original.png, ListLentObjects-debug29.png, True
INFO:root:apks/mutantes/whohasmystuff/ListLentObjects-debug3.apk
ERROR:root:[==> ATENÇÃO ]: Erro ao instalar app original: apks/mutantes/whohasmystuff/ListLentObjects-debug3.apk
INFO:root:apks/mutantes/whohasmystuff/ListLentObjects-debug30.apk
INFO:root:whohasmystuff-original.png, ListLentObjects-debug30.png, True
INFO:root:apks/mutantes/whohasmystuff/ListLentObjects-debug31.apk
INFO:root:whohasmystuff-original.png, ListLentObjects-debug31.png, True
INFO:root:apks/mutantes/whohasmystuff/ListLentObjects-debug32.apk
INFO:root:whohasmystuff-original.png, ListLentObjects-debug32.png, True
INFO:root:apks/mutantes/whohasmystuff/ListLentObjects-debug33.apk
INFO:root:whohasmystuff-original.png, ListLentObjects-debug33.png, True
INFO:root:apks/mutantes/whohasmystuff/ListLentObjects-debug34.apk
INFO:root:whohasmystuff-original.png, ListLentObjects-debug34.png, True
INFO:root:apks/mutantes/whohasmystuff/ListLentObjects-debug35.apk
INFO:root:whohasmystuff-original.png, ListLentObjects-debug35.png, True
INFO:root:apks/mutantes/whohasmystuff/ListLentObjects-debug36.apk
INFO:root:whohasmystuff-original.png, ListLentObjects-debug36.png, True
INFO:root:apks/mutantes/whohasmystuff/ListLentObjects-debug37.apk
INFO:root:whohasmystuff-original.png, ListLentObjects-debug37.png, True
INFO:root:apks/mutantes/whohasmystuff/ListLentObjects-debug38.apk
INFO:root:whohasmystuff-original.png, ListLentObjects-debug38.png, True
INFO:root:apks/mutantes/whohasmystuff/ListLentObjects-debug39.apk
INFO:root:whohasmystuff-original.png, ListLentObjects-debug39.png, True
INFO:root:apks/mutantes/whohasmystuff/ListLentObjects-debug4.apk
INFO:root:whohasmystuff-original.png, ListLentObjects-debug4.png, True
INFO:root:apks/mutantes/whohasmystuff/ListLentObjects-debug40.apk
INFO:root:whohasmystuff-original.png, ListLentObjects-debug40.png, True
INFO:root:apks/mutantes/whohasmystuff/ListLentObjects-debug41.apk
INFO:root:whohasmystuff-original.png, ListLentObjects-debug41.png, True
INFO:root:apks/mutantes/whohasmystuff/ListLentObjects-debug42.apk
INFO:root:whohasmystuff-original.png, ListLentObjects-debug42.png, True
INFO:root:apks/mutantes/whohasmystuff/ListLentObjects-debug43.apk
INFO:root:whohasmystuff-original.png, ListLentObjects-debug43.png, True
INFO:root:apks/mutantes/whohasmystuff/ListLentObjects-debug44.apk
INFO:root:whohasmystuff-original.png, ListLentObjects-debug44.png, True
INFO:root:apks/mutantes/whohasmystuff/ListLentObjects-debug45.apk
INFO:root:whohasmystuff-original.png, ListLentObjects-debug45.png, True
INFO:root:apks/mutantes/whohasmystuff/ListLentObjects-debug46.apk
INFO:root:whohasmystuff-original.png, ListLentObjects-debug46.png, True
INFO:root:apks/mutantes/whohasmystuff/ListLentObjects-debug47.apk
INFO:root:whohasmystuff-original.png, ListLentObjects-debug47.png, True
INFO:root:apks/mutantes/whohasmystuff/ListLentObjects-debug48.apk
INFO:root:whohasmystuff-original.png, ListLentObjects-debug48.png, True
INFO:root:apks/mutantes/whohasmystuff/ListLentObjects-debug49.apk
INFO:root:whohasmystuff-original.png, ListLentObjects-debug49.png, True
INFO:root:apks/mutantes/whohasmystuff/ListLentObjects-debug5.apk
ERROR:root:[==> ATENÇÃO ]: Erro ao abrir app original: de.freewarepoint.whohasmystuff/.ListLentObjects
INFO:root:apks/mutantes/whohasmystuff/ListLentObjects-debug50.apk
INFO:root:whohasmystuff-original.png, ListLentObjects-debug50.png, True
INFO:root:apks/mutantes/whohasmystuff/ListLentObjects-debug51.apk
INFO:root:whohasmystuff-original.png, ListLentObjects-debug51.png, True
INFO:root:apks/mutantes/whohasmystuff/ListLentObjects-debug52.apk
INFO:root:whohasmystuff-original.png, ListLentObjects-debug52.png, True
INFO:root:apks/mutantes/whohasmystuff/ListLentObjects-debug53.apk
INFO:root:whohasmystuff-original.png, ListLentObjects-debug53.png, True
INFO:root:apks/mutantes/whohasmystuff/ListLentObjects-debug54.apk
INFO:root:whohasmystuff-original.png, ListLentObjects-debug54.png, True
INFO:root:apks/mutantes/whohasmystuff/ListLentObjects-debug55.apk
INFO:root:whohasmystuff-original.png, ListLentObjects-debug55.png, True
INFO:root:apks/mutantes/whohasmystuff/ListLentObjects-debug56.apk
INFO:root:whohasmystuff-original.png, ListLentObjects-debug56.png, True
INFO:root:apks/mutantes/whohasmystuff/ListLentObjects-debug57.apk
INFO:root:whohasmystuff-original.png, ListLentObjects-debug57-ini.png, False
INFO:root:apks/mutantes/whohasmystuff/ListLentObjects-debug58.apk
INFO:root:whohasmystuff-original.png, ListLentObjects-debug58.png, True
INFO:root:apks/mutantes/whohasmystuff/ListLentObjects-debug59.apk
INFO:root:whohasmystuff-original.png, ListLentObjects-debug59-ini.png, False
INFO:root:apks/mutantes/whohasmystuff/ListLentObjects-debug6.apk
INFO:root:whohasmystuff-original.png, ListLentObjects-debug6.png, True
INFO:root:apks/mutantes/whohasmystuff/ListLentObjects-debug60.apk
INFO:root:whohasmystuff-original.png, ListLentObjects-debug60.png, True
INFO:root:apks/mutantes/whohasmystuff/ListLentObjects-debug61.apk
INFO:root:whohasmystuff-original.png, ListLentObjects-debug61.png, True
INFO:root:apks/mutantes/whohasmystuff/ListLentObjects-debug62.apk
INFO:root:whohasmystuff-original.png, ListLentObjects-debug62.png, True
INFO:root:apks/mutantes/whohasmystuff/ListLentObjects-debug63.apk
INFO:root:whohasmystuff-original.png, ListLentObjects-debug63-ini.png, False
INFO:root:apks/mutantes/whohasmystuff/ListLentObjects-debug64.apk
INFO:root:whohasmystuff-original.png, ListLentObjects-debug64-ini.png, False
INFO:root:apks/mutantes/whohasmystuff/ListLentObjects-debug65.apk
INFO:root:whohasmystuff-original.png, ListLentObjects-debug65.png, True
INFO:root:apks/mutantes/whohasmystuff/ListLentObjects-debug66.apk
INFO:root:whohasmystuff-original.png, ListLentObjects-debug66.png, True
INFO:root:apks/mutantes/whohasmystuff/ListLentObjects-debug67.apk
INFO:root:whohasmystuff-original.png, ListLentObjects-debug67.png, True
INFO:root:apks/mutantes/whohasmystuff/ListLentObjects-debug68.apk
INFO:root:whohasmystuff-original.png, ListLentObjects-debug68.png, True
INFO:root:apks/mutantes/whohasmystuff/ListLentObjects-debug69.apk
INFO:root:whohasmystuff-original.png, ListLentObjects-debug69.png, True
INFO:root:apks/mutantes/whohasmystuff/ListLentObjects-debug7.apk
INFO:root:whohasmystuff-original.png, ListLentObjects-debug7.png, True
INFO:root:apks/mutantes/whohasmystuff/ListLentObjects-debug70.apk
INFO:root:whohasmystuff-original.png, ListLentObjects-debug70.png, True
INFO:root:apks/mutantes/whohasmystuff/ListLentObjects-debug71.apk
INFO:root:whohasmystuff-original.png, ListLentObjects-debug71.png, True
INFO:root:apks/mutantes/whohasmystuff/ListLentObjects-debug72.apk
INFO:root:whohasmystuff-original.png, ListLentObjects-debug72-ini.png, False
INFO:root:apks/mutantes/whohasmystuff/ListLentObjects-debug73.apk
INFO:root:whohasmystuff-original.png, ListLentObjects-debug73.png, True
INFO:root:apks/mutantes/whohasmystuff/ListLentObjects-debug74.apk
INFO:root:whohasmystuff-original.png, ListLentObjects-debug74.png, True
INFO:root:apks/mutantes/whohasmystuff/ListLentObjects-debug75.apk
ERROR:root:[==> ATENÇÃO ]: Erro ao abrir app original: de.freewarepoint.whohasmystuff/.ListLentObjects
INFO:root:apks/mutantes/whohasmystuff/ListLentObjects-debug76.apk
INFO:root:whohasmystuff-original.png, ListLentObjects-debug76.png, True
INFO:root:apks/mutantes/whohasmystuff/ListLentObjects-debug77.apk
INFO:root:whohasmystuff-original.png, ListLentObjects-debug77.png, True
INFO:root:apks/mutantes/whohasmystuff/ListLentObjects-debug78.apk
INFO:root:whohasmystuff-original.png, ListLentObjects-debug78.png, True
INFO:root:apks/mutantes/whohasmystuff/ListLentObjects-debug79.apk
INFO:root:whohasmystuff-original.png, ListLentObjects-debug79.png, True
INFO:root:apks/mutantes/whohasmystuff/ListLentObjects-debug8.apk
INFO:root:whohasmystuff-original.png, ListLentObjects-debug8.png, True
INFO:root:apks/mutantes/whohasmystuff/ListLentObjects-debug80.apk
INFO:root:whohasmystuff-original.png, ListLentObjects-debug80.png, True
INFO:root:apks/mutantes/whohasmystuff/ListLentObjects-debug81.apk
INFO:root:whohasmystuff-original.png, ListLentObjects-debug81.png, True
INFO:root:apks/mutantes/whohasmystuff/ListLentObjects-debug82.apk
INFO:root:whohasmystuff-original.png, ListLentObjects-debug82.png, True
INFO:root:apks/mutantes/whohasmystuff/ListLentObjects-debug83.apk
INFO:root:whohasmystuff-original.png, ListLentObjects-debug83-ini.png, False
INFO:root:apks/mutantes/whohasmystuff/ListLentObjects-debug84.apk
INFO:root:whohasmystuff-original.png, ListLentObjects-debug84.png, True
INFO:root:apks/mutantes/whohasmystuff/ListLentObjects-debug85.apk
INFO:root:whohasmystuff-original.png, ListLentObjects-debug85.png, True
INFO:root:apks/mutantes/whohasmystuff/ListLentObjects-debug86.apk
INFO:root:whohasmystuff-original.png, ListLentObjects-debug86.png, True
INFO:root:apks/mutantes/whohasmystuff/ListLentObjects-debug87.apk
INFO:root:whohasmystuff-original.png, ListLentObjects-debug87.png, True
INFO:root:apks/mutantes/whohasmystuff/ListLentObjects-debug88.apk
INFO:root:whohasmystuff-original.png, ListLentObjects-debug88.png, True
INFO:root:apks/mutantes/whohasmystuff/ListLentObjects-debug89.apk
INFO:root:whohasmystuff-original.png, ListLentObjects-debug89-ini.png, False
INFO:root:apks/mutantes/whohasmystuff/ListLentObjects-debug9.apk
INFO:root:whohasmystuff-original.png, ListLentObjects-debug9.png, True
INFO:root:apks/mutantes/whohasmystuff/ListLentObjects-debug90.apk
INFO:root:whohasmystuff-original.png, ListLentObjects-debug90-ini.png, False
INFO:root:apks/mutantes/whohasmystuff/ListLentObjects-debug91.apk
INFO:root:whohasmystuff-original.png, ListLentObjects-debug91.png, True
INFO:root:apks/mutantes/whohasmystuff/ListLentObjects-debug92.apk
INFO:root:whohasmystuff-original.png, ListLentObjects-debug92.png, True
INFO:root:apks/mutantes/whohasmystuff/ListLentObjects-debug93.apk
INFO:root:whohasmystuff-original.png, ListLentObjects-debug93.png, True
INFO:root:apks/mutantes/whohasmystuff/ListLentObjects-debug94.apk
INFO:root:whohasmystuff-original.png, ListLentObjects-debug94.png, True
INFO:root:apks/mutantes/whohasmystuff/ListLentObjects-debug95.apk
INFO:root:whohasmystuff-original.png, ListLentObjects-debug95.png, True
INFO:root:apks/mutantes/whohasmystuff/ListLentObjects-debug96.apk
INFO:root:whohasmystuff-original.png, ListLentObjects-debug96.png, True
INFO:root:apks/mutantes/whohasmystuff/ListLentObjects-debug97.apk
INFO:root:whohasmystuff-original.png, ListLentObjects-debug97.png, True
INFO:root:apks/mutantes/whohasmystuff/ListLentObjects-debug98.apk
INFO:root:whohasmystuff-original.png, ListLentObjects-debug98.png, True
INFO:root:apks/mutantes/whohasmystuff/ListLentObjects-debug99.apk
INFO:root:whohasmystuff-original.png, ListLentObjects-debug99.png, True
INFO:root:[['whohasmystuff', True], ['whohasmystuff', True], ['whohasmystuff', True], ['whohasmystuff', True], ['whohasmystuff', True], ['whohasmystuff', True], ['whohasmystuff', True], ['whohasmystuff', True], ['whohasmystuff', True], ['whohasmystuff', False], ['whohasmystuff', True], ['whohasmystuff', True], ['whohasmystuff', True], ['whohasmystuff', True], ['whohasmystuff', False], ['whohasmystuff', False], ['whohasmystuff', True], ['whohasmystuff', True], ['whohasmystuff', True], ['whohasmystuff', True], ['whohasmystuff', True], ['whohasmystuff', True], ['whohasmystuff', True], ['whohasmystuff', True], ['whohasmystuff', True], ['whohasmystuff', True], ['whohasmystuff', True], ['whohasmystuff', True], ['whohasmystuff', False], ['whohasmystuff', False], ['whohasmystuff', True], ['whohasmystuff', True], ['whohasmystuff', True], ['whohasmystuff', True], ['whohasmystuff', True], ['whohasmystuff', True], ['whohasmystuff', True], ['whohasmystuff', True], ['whohasmystuff', True], ['whohasmystuff', True], ['whohasmystuff', True], ['whohasmystuff', True], ['whohasmystuff', True], ['whohasmystuff', True], ['whohasmystuff', True], ['whohasmystuff', True], ['whohasmystuff', True], ['whohasmystuff', True], ['whohasmystuff', True], ['whohasmystuff', True], ['whohasmystuff', True], ['whohasmystuff', True], ['whohasmystuff', True], ['whohasmystuff', True], ['whohasmystuff', True], ['whohasmystuff', True], ['whohasmystuff', True], ['whohasmystuff', True], ['whohasmystuff', True], ['whohasmystuff', True], ['whohasmystuff', True], ['whohasmystuff', False], ['whohasmystuff', True], ['whohasmystuff', False], ['whohasmystuff', True], ['whohasmystuff', True], ['whohasmystuff', True], ['whohasmystuff', True], ['whohasmystuff', False], ['whohasmystuff', False], ['whohasmystuff', True], ['whohasmystuff', True], ['whohasmystuff', True], ['whohasmystuff', True], ['whohasmystuff', True], ['whohasmystuff', True], ['whohasmystuff', True], ['whohasmystuff', True], ['whohasmystuff', False], ['whohasmystuff', True], ['whohasmystuff', True], ['whohasmystuff', True], ['whohasmystuff', True], ['whohasmystuff', True], ['whohasmystuff', True], ['whohasmystuff', True], ['whohasmystuff', True], ['whohasmystuff', True], ['whohasmystuff', True], ['whohasmystuff', False], ['whohasmystuff', True], ['whohasmystuff', True], ['whohasmystuff', True], ['whohasmystuff', True], ['whohasmystuff', True], ['whohasmystuff', False], ['whohasmystuff', True], ['whohasmystuff', False], ['whohasmystuff', True], ['whohasmystuff', True], ['whohasmystuff', True], ['whohasmystuff', True], ['whohasmystuff', True], ['whohasmystuff', True], ['whohasmystuff', True], ['whohasmystuff', True], ['whohasmystuff', True]]
INFO:root:{'SDKVersion': 1, 'InvalidIDFindView': 1, 'FindViewByIdReturnsNull': 1, 'InvalidDate': 1, 'ViewComponentNotVisible': 1, 'WrongStringResource': 7, 'InvalidFilePath': 1}
INFO:root:{'NullValueIntentPutExtra': 2, 'LengthyGUIListener': 8, 'SDKVersion': 2, 'NullIntent': 7, 'DifferentActivityIntentDefinition': 3, 'InvalidIDFindView': 1, 'InvalidActivityPATH': 3, 'MissingPermissionManifest': 5, 'LengthyGUICreation': 1, 'InvalidLabel': 2, 'InvalidDate': 6, 'FindViewByIdReturnsNull': 1, 'BuggyGUIListener': 8, 'ViewComponentNotVisible': 1, 'WrongStringResource': 50, 'ActivityNotDefined': 3, 'InvalidFilePath': 1, 'InvalidKeyIntentPutExtra': 3}
INFO:root:Termino-log: 27-06-2019 14:27:31
INFO:root:[[107, 0.12149532710280374, 4]]
INFO:root:------ MEDIAS -------
INFO:root:total mutantes: 21.4
INFO:root:total escores: 0.0242990654206
INFO:root:total erros: 0.8
INFO:root:Termino: 27-06-2019 14:27:31
